<?xml version="1.0" encoding="UTF-8"?>
<!-- Generated by org.testng.reporters.JUnitXMLReporter -->
<testsuite ignored="0" hostname="LTIN400760" failures="1" tests="1" name="Error Validations Test" time="6.826" errors="0" timestamp="2024-07-10T16:35:25 IST">
  <testcase classname="rahulshettyacademy.pageobjects.ErrorValidations" name="LoginErrorValidation" time="0.001">
    <failure type="java.lang.NullPointerException" message="Cannot invoke &amp;quot;rahulshettyacademy.pageobjects.LandinPage.loginApplication(String, String)&amp;quot; because &amp;quot;this.landinpage&amp;quot; is null">
      <![CDATA[java.lang.NullPointerException: Cannot invoke "rahulshettyacademy.pageobjects.LandinPage.loginApplication(String, String)" because "this.landinpage" is null
at rahulshettyacademy.pageobjects.ErrorValidations.LoginErrorValidation(ErrorValidations.java:18)
at java.base/java.util.ArrayList.forEach(ArrayList.java:1511)
at java.base/java.util.concurrent.FutureTask.run(FutureTask.java:264)
at java.base/java.util.concurrent.ThreadPoolExecutor.runWorker(ThreadPoolExecutor.java:1130)
at java.base/java.util.concurrent.ThreadPoolExecutor$Worker.run(ThreadPoolExecutor.java:630)
at java.base/java.lang.Thread.run(Thread.java:832)
... Removed 18 stack frames]]>
    </failure>
  </testcase> <!-- LoginErrorValidation -->
</testsuite> <!-- Error Validations Test -->
