<?xml version="1.0" encoding="UTF-8"?>
<!-- Generated by org.testng.reporters.JUnitXMLReporter -->
<testsuite ignored="0" hostname="LTIN400760" failures="3" tests="4" name="Test" time="9.157" errors="0" timestamp="2024-07-10T13:19:27 IST">
  <testcase classname="rahulshettyacademy.pageobjects.ErrorValidations" name="LoginErrorValidation" time="0.008">
    <failure type="java.lang.NullPointerException" message="Cannot invoke &amp;quot;rahulshettyacademy.pageobjects.LandinPage.loginApplication(String, String)&amp;quot; because &amp;quot;this.landinpage&amp;quot; is null">
      <![CDATA[java.lang.NullPointerException: Cannot invoke "rahulshettyacademy.pageobjects.LandinPage.loginApplication(String, String)" because "this.landinpage" is null
at rahulshettyacademy.pageobjects.ErrorValidations.LoginErrorValidation(ErrorValidations.java:17)
at java.base/java.util.ArrayList.forEach(ArrayList.java:1511)
... Removed 27 stack frames]]>
    </failure>
  </testcase> <!-- LoginErrorValidation -->
  <testcase classname="rahulshettyacademy.pageobjects.SubmitOrderTest" name="submitOrder" time="0.001">
    <failure type="java.lang.NullPointerException" message="Cannot invoke &amp;quot;rahulshettyacademy.pageobjects.LandinPage.loginApplication(String, String)&amp;quot; because &amp;quot;this.landinpage&amp;quot; is null">
      <![CDATA[java.lang.NullPointerException: Cannot invoke "rahulshettyacademy.pageobjects.LandinPage.loginApplication(String, String)" because "this.landinpage" is null
at rahulshettyacademy.pageobjects.SubmitOrderTest.submitOrder(SubmitOrderTest.java:20)
at java.base/java.util.ArrayList.forEach(ArrayList.java:1511)
... Removed 27 stack frames]]>
    </failure>
  </testcase> <!-- submitOrder -->
  <testcase classname="rahulshettyacademy.pageobjects.SubmitOrderTest" name="submitOrder" time="0.001">
    <failure type="java.lang.NullPointerException" message="Cannot invoke &amp;quot;rahulshettyacademy.pageobjects.LandinPage.loginApplication(String, String)&amp;quot; because &amp;quot;this.landinpage&amp;quot; is null">
      <![CDATA[java.lang.NullPointerException: Cannot invoke "rahulshettyacademy.pageobjects.LandinPage.loginApplication(String, String)" because "this.landinpage" is null
at rahulshettyacademy.pageobjects.SubmitOrderTest.submitOrder(SubmitOrderTest.java:20)
at java.base/java.util.ArrayList.forEach(ArrayList.java:1511)
... Removed 27 stack frames]]>
    </failure>
  </testcase> <!-- submitOrder -->
  <testcase classname="rahulshettyacademy.pageobjects.SubmitOrderTest" name="OrderHistoryTest" time="0.0">
    <skipped/>
  </testcase> <!-- OrderHistoryTest -->
</testsuite> <!-- Test -->
